<?xml version="1.0" encoding="UTF-8"?>
<!-- Generated by org.testng.reporters.JUnitReportReporter -->
<testsuite hostname="Prasath" failures="0" tests="2" name="testCases.TC002_LoginTest" time="5.239" errors="0" timestamp="2024-10-04T17:35:09 IST" skipped="0">
  <testcase classname="testCases.TC002_LoginTest" name="verify_Login" time="2.040"/>
  <testcase classname="testCases.TC002_LoginTest" name="verify_Login" time="3.199"/>
</testsuite> <!-- testCases.TC002_LoginTest -->
