<?xml version="1.0" encoding="UTF-8"?>
<!-- Generated by org.testng.reporters.JUnitReportReporter -->
<testsuite hostname="Prasath" failures="0" tests="2" name="testCases.TC002_LoginTest" time="3.531" errors="0" timestamp="2024-10-04T21:06:40 IST" skipped="0">
  <testcase classname="testCases.TC002_LoginTest" name="verify_Login" time="1.458"/>
  <testcase classname="testCases.TC002_LoginTest" name="verify_Login" time="2.073"/>
</testsuite> <!-- testCases.TC002_LoginTest -->
