<?xml version="1.0" encoding="UTF-8"?>
<!-- Generated by org.testng.reporters.JUnitReportReporter -->
<testsuite hostname="Prasath" failures="0" tests="2" name="testCases.TC001_AccountRegistrationTest" time="4.931" errors="0" timestamp="2024-10-04T17:35:09 IST" skipped="0">
  <testcase classname="testCases.TC001_AccountRegistrationTest" name="verify_account_registration" time="2.338"/>
  <testcase classname="testCases.TC001_AccountRegistrationTest" name="verify_account_registration" time="2.593"/>
</testsuite> <!-- testCases.TC001_AccountRegistrationTest -->
