<?xml version="1.0" encoding="UTF-8"?>
<!-- Generated by org.testng.reporters.JUnitReportReporter -->
<testsuite hostname="Prasath" failures="0" tests="2" name="testCases.TC001_AccountRegistrationTest" time="6.079" errors="0" timestamp="2024-10-04T21:06:40 IST" skipped="0">
  <testcase classname="testCases.TC001_AccountRegistrationTest" name="verify_account_registration" time="2.734"/>
  <testcase classname="testCases.TC001_AccountRegistrationTest" name="verify_account_registration" time="3.345"/>
</testsuite> <!-- testCases.TC001_AccountRegistrationTest -->
